<?xml version="1.0" encoding="UTF-8"?>
<!-- Generated by org.testng.reporters.JUnitXMLReporter -->
<testsuite hostname="ATMECSINLT-087" ignored="0" name="Default test" tests="5" failures="0" timestamp="14 Oct 2019 15:10:09 GMT" time="63.707" errors="0">
  <testcase name="heroImageSelect" time="4.536" classname="com.Konakart.KonakartAutomationTesting.testscripts.HeroImageFunctionality"/>
  <testcase name="heroImgContent" time="0.742" classname="com.Konakart.KonakartAutomationTesting.testscripts.HeroImageFunctionality"/>
  <testcase name="heroImgContent" time="0.036" classname="com.Konakart.KonakartAutomationTesting.testscripts.HeroImageFunctionality"/>
  <testcase name="heroImgSortingDateFunctionality" time="14.35" classname="com.Konakart.KonakartAutomationTesting.testscripts.HeroImageFunctionality"/>
  <testcase name="heroImgSortingRatingFunctionality" time="15.329" classname="com.Konakart.KonakartAutomationTesting.testscripts.HeroImageFunctionality"/>
</testsuite> <!-- Default test -->
