<?xml version="1.0" encoding="UTF-8"?>
<!-- Generated by org.testng.reporters.JUnitXMLReporter -->
<testsuite hostname="ATMECSINLT-087" ignored="0" name="Default test" tests="4" failures="0" timestamp="15 Oct 2019 10:58:03 GMT" time="56.302" errors="0">
  <testcase name="priceSlideBar" time="13.12" classname="com.Konakart.KonakartAutomationTesting.testscripts.PriceSlideBarFunctionality"/>
  <testcase name="priceSlideBar" time="7.828" classname="com.Konakart.KonakartAutomationTesting.testscripts.PriceSlideBarFunctionality"/>
  <testcase name="priceSlideBar" time="6.809" classname="com.Konakart.KonakartAutomationTesting.testscripts.PriceSlideBarFunctionality"/>
  <testcase name="priceSlideBar" time="6.916" classname="com.Konakart.KonakartAutomationTesting.testscripts.PriceSlideBarFunctionality"/>
</testsuite> <!-- Default test -->
