<?xml version="1.0" encoding="UTF-8"?>
<testsuite xmlns:xsi="http://www.w3.org/2001/XMLSchema-instance" xsi:noNamespaceSchemaLocation="https://maven.apache.org/surefire/maven-surefire-plugin/xsd/surefire-test-report-3.0.xsd" version="3.0" name="TestSuite" time="371.009" tests="13" errors="0" skipped="0" failures="2">
  <properties>
[...]
</properties>
  <testcase name="searchBox" classname="com.Konakart.KonakartAutomationTesting.testscripts.HomePageSearchBoxFunctionality" time="101.61"/>
  <testcase name="heroImageSelect" classname="com.Konakart.KonakartAutomationTesting.testscripts.HeroImageFunctionality" time="6.857"/>
  <testcase name="heroImgContent" classname="com.Konakart.KonakartAutomationTesting.testscripts.HeroImageFunctionality" time="0.072"/>
  <testcase name="heroImgContent" classname="com.Konakart.KonakartAutomationTesting.testscripts.HeroImageFunctionality" time="0.88">
    <failure message="Element is no longer valid&#10;For documentation on this error, please visit: https://www.seleniumhq.org/exceptions/stale_element_reference.html&#10;Build info: version: &apos;3.141.59&apos;, revision: &apos;e82be7d358&apos;, time: &apos;2018-11-14T08:17:03&apos;&#10;System info: host: &apos;ATMECSINLT-087&apos;, ip: &apos;55.55.52.203&apos;, os.name: &apos;Windows 10&apos;, os.arch: &apos;amd64&apos;, os.version: &apos;10.0&apos;, java.version: &apos;1.8.0_221&apos;&#10;Driver info: org.openqa.selenium.ie.InternetExplorerDriver&#10;Capabilities {acceptInsecureCerts: false, browserName: internet explorer, browserVersion: 11, javascriptEnabled: true, pageLoadStrategy: normal, platform: WINDOWS, platformName: WINDOWS, proxy: Proxy(), se:ieOptions: {browserAttachTimeout: 0, elementScrollBehavior: 0, enablePersistentHover: true, ie.browserCommandLineSwitches: , ie.ensureCleanSession: false, ie.fileUploadDialogTimeout: 3000, ie.forceCreateProcessApi: false, ignoreProtectedModeSettings: false, ignoreZoomSetting: false, initialBrowserUrl: https://www.konakart.com/ko..., nativeEvents: true, requireWindowFocus: false}, setWindowRect: true, timeouts: {implicit: 0, pageLoad: 300000, script: 30000}}&#10;Session ID: c133cc0b-f075-4081-b51b-078095bbd0f5" type="org.openqa.selenium.StaleElementReferenceException">org.openqa.selenium.StaleElementReferenceException: 
Element is no longer valid
For documentation on this error, please visit: https://www.seleniumhq.org/exceptions/stale_element_reference.html
Build info: version: '3.141.59', revision: 'e82be7d358', time: '2018-11-14T08:17:03'
System info: host: 'ATMECSINLT-087', ip: '55.55.52.203', os.name: 'Windows 10', os.arch: 'amd64', os.version: '10.0', java.version: '1.8.0_221'
Driver info: org.openqa.selenium.ie.InternetExplorerDriver
Capabilities {acceptInsecureCerts: false, browserName: internet explorer, browserVersion: 11, javascriptEnabled: true, pageLoadStrategy: normal, platform: WINDOWS, platformName: WINDOWS, proxy: Proxy(), se:ieOptions: {browserAttachTimeout: 0, elementScrollBehavior: 0, enablePersistentHover: true, ie.browserCommandLineSwitches: , ie.ensureCleanSession: false, ie.fileUploadDialogTimeout: 3000, ie.forceCreateProcessApi: false, ignoreProtectedModeSettings: false, ignoreZoomSetting: false, initialBrowserUrl: https://www.konakart.com/ko..., nativeEvents: true, requireWindowFocus: false}, setWindowRect: true, timeouts: {implicit: 0, pageLoad: 300000, script: 30000}}
Session ID: c133cc0b-f075-4081-b51b-078095bbd0f5
	at com.Konakart.KonakartAutomationTesting.testscripts.HeroImageFunctionality.heroImgContent(HeroImageFunctionality.java:32)
</failure>
    <system-out><![CDATA[logger executed
Element is not present
]]></system-out>
    <system-err><![CDATA[org.openqa.selenium.NoSuchElementException: Unable to find element with css selector == div#product-content>div#product-description>p[style='clear:both']
For documentation on this error, please visit: https://www.seleniumhq.org/exceptions/no_such_element.html
Build info: version: '3.141.59', revision: 'e82be7d358', time: '2018-11-14T08:17:03'
System info: host: 'ATMECSINLT-087', ip: '55.55.52.203', os.name: 'Windows 10', os.arch: 'amd64', os.version: '10.0', java.version: '1.8.0_221'
Driver info: org.openqa.selenium.ie.InternetExplorerDriver
Capabilities {acceptInsecureCerts: false, browserName: internet explorer, browserVersion: 11, javascriptEnabled: true, pageLoadStrategy: normal, platform: WINDOWS, platformName: WINDOWS, proxy: Proxy(), se:ieOptions: {browserAttachTimeout: 0, elementScrollBehavior: 0, enablePersistentHover: true, ie.browserCommandLineSwitches: , ie.ensureCleanSession: false, ie.fileUploadDialogTimeout: 3000, ie.forceCreateProcessApi: false, ignoreProtectedModeSettings: false, ignoreZoomSetting: false, initialBrowserUrl: https://www.konakart.com/ko..., nativeEvents: true, requireWindowFocus: false}, setWindowRect: true, timeouts: {implicit: 0, pageLoad: 300000, script: 30000}}
Session ID: c133cc0b-f075-4081-b51b-078095bbd0f5
*** Element info: {Using=css selector, value=div#product-content>div#product-description>p[style='clear:both']}
	at sun.reflect.NativeConstructorAccessorImpl.newInstance0(Native Method)
	at sun.reflect.NativeConstructorAccessorImpl.newInstance(NativeConstructorAccessorImpl.java:62)
	at sun.reflect.DelegatingConstructorAccessorImpl.newInstance(DelegatingConstructorAccessorImpl.java:45)
	at java.lang.reflect.Constructor.newInstance(Constructor.java:423)
	at org.openqa.selenium.remote.http.W3CHttpResponseCodec.createException(W3CHttpResponseCodec.java:187)
	at org.openqa.selenium.remote.http.W3CHttpResponseCodec.decode(W3CHttpResponseCodec.java:122)
	at org.openqa.selenium.remote.http.W3CHttpResponseCodec.decode(W3CHttpResponseCodec.java:49)
	at org.openqa.selenium.remote.HttpCommandExecutor.execute(HttpCommandExecutor.java:158)
	at org.openqa.selenium.remote.service.DriverCommandExecutor.execute(DriverCommandExecutor.java:83)
	at org.openqa.selenium.remote.RemoteWebDriver.execute(RemoteWebDriver.java:552)
	at org.openqa.selenium.remote.RemoteWebDriver.findElement(RemoteWebDriver.java:323)
	at org.openqa.selenium.remote.RemoteWebDriver.findElementByCssSelector(RemoteWebDriver.java:420)
	at org.openqa.selenium.By$ByCssSelector.findElement(By.java:431)
	at org.openqa.selenium.remote.RemoteWebDriver.findElement(RemoteWebDriver.java:315)
	at com.Konakart.KonakartAutomationTesting.helpers.Utility.selectLocator(Utility.java:55)
	at com.Konakart.KonakartAutomationTesting.helpers.Utility.getElement(Utility.java:152)
	at com.Konakart.KonakartAutomationTesting.pages.HeroImageFunction.pageDescriptionvalidation(HeroImageFunction.java:72)
	at com.Konakart.KonakartAutomationTesting.pages.HeroImageFunction.heroImgContentValidation(HeroImageFunction.java:39)
	at com.Konakart.KonakartAutomationTesting.testscripts.HeroImageFunctionality.heroImgContent(HeroImageFunctionality.java:32)
	at sun.reflect.NativeMethodAccessorImpl.invoke0(Native Method)
	at sun.reflect.NativeMethodAccessorImpl.invoke(NativeMethodAccessorImpl.java:62)
	at sun.reflect.DelegatingMethodAccessorImpl.invoke(DelegatingMethodAccessorImpl.java:43)
	at java.lang.reflect.Method.invoke(Method.java:498)
	at org.testng.internal.MethodInvocationHelper.invokeMethod(MethodInvocationHelper.java:124)
	at org.testng.internal.Invoker.invokeMethod(Invoker.java:583)
	at org.testng.internal.Invoker.invokeTestMethod(Invoker.java:719)
	at org.testng.internal.Invoker.invokeTestMethods(Invoker.java:989)
	at org.testng.internal.TestMethodWorker.invokeTestMethods(TestMethodWorker.java:125)
	at org.testng.internal.TestMethodWorker.run(TestMethodWorker.java:109)
	at org.testng.TestRunner.privateRun(TestRunner.java:648)
	at org.testng.TestRunner.run(TestRunner.java:505)
	at org.testng.SuiteRunner.runTest(SuiteRunner.java:455)
	at org.testng.SuiteRunner.runSequentially(SuiteRunner.java:450)
	at org.testng.SuiteRunner.privateRun(SuiteRunner.java:415)
	at org.testng.SuiteRunner.run(SuiteRunner.java:364)
	at org.testng.SuiteRunnerWorker.runSuite(SuiteRunnerWorker.java:52)
	at org.testng.SuiteRunnerWorker.run(SuiteRunnerWorker.java:84)
	at org.testng.TestNG.runSuitesSequentially(TestNG.java:1208)
	at org.testng.TestNG.runSuitesLocally(TestNG.java:1137)
	at org.testng.TestNG.runSuites(TestNG.java:1049)
	at org.testng.TestNG.run(TestNG.java:1017)
	at org.apache.maven.surefire.testng.TestNGExecutor.run(TestNGExecutor.java:283)
	at org.apache.maven.surefire.testng.TestNGXmlTestSuite.execute(TestNGXmlTestSuite.java:75)
	at org.apache.maven.surefire.testng.TestNGProvider.invoke(TestNGProvider.java:120)
	at org.apache.maven.surefire.booter.ForkedBooter.invokeProviderInSameClassLoader(ForkedBooter.java:384)
	at org.apache.maven.surefire.booter.ForkedBooter.runSuitesInProcess(ForkedBooter.java:345)
	at org.apache.maven.surefire.booter.ForkedBooter.execute(ForkedBooter.java:126)
	at org.apache.maven.surefire.booter.ForkedBooter.main(ForkedBooter.java:418)
]]></system-err>
  </testcase>
  <testcase name="heroImgSortingDateFunctionality" classname="com.Konakart.KonakartAutomationTesting.testscripts.HeroImageFunctionality" time="7.235">
    <failure message="1" type="java.lang.ArrayIndexOutOfBoundsException">java.lang.ArrayIndexOutOfBoundsException: 1
	at com.Konakart.KonakartAutomationTesting.testscripts.HeroImageFunctionality.heroImgSortingDateFunctionality(HeroImageFunctionality.java:41)
</failure>
    <system-out><![CDATA[logger executed
]]></system-out>
  </testcase>
  <testcase name="heroImgSortingRatingFunctionality" classname="com.Konakart.KonakartAutomationTesting.testscripts.HeroImageFunctionality" time="19.57"/>
  <testcase name="searchBoxWithoutSearchOption" classname="com.Konakart.KonakartAutomationTesting.testscripts.ComuterPeripheralsFunctionality" time="75.435"/>
  <testcase name="searchBoxWithSearchOption" classname="com.Konakart.KonakartAutomationTesting.testscripts.ComuterPeripheralsFunctionality" time="80.379"/>
  <testcase name="productDetailsVerify" classname="com.Konakart.KonakartAutomationTesting.testscripts.ComuterPeripheralsFunctionality" time="1.216"/>
  <testcase name="priceSlideBar" classname="com.Konakart.KonakartAutomationTesting.testscripts.PriceSlideBarFunctionality" time="11.977"/>
  <testcase name="priceSlideBar" classname="com.Konakart.KonakartAutomationTesting.testscripts.PriceSlideBarFunctionality" time="11.549"/>
  <testcase name="priceSlideBar" classname="com.Konakart.KonakartAutomationTesting.testscripts.PriceSlideBarFunctionality" time="13.01"/>
  <testcase name="priceSlideBar" classname="com.Konakart.KonakartAutomationTesting.testscripts.PriceSlideBarFunctionality" time="11.47"/>
</testsuite>