<?xml version="1.0" encoding="UTF-8"?>
<testng-results skipped="0" failed="0" ignored="0" total="4" passed="4">
  <reporter-output>
  </reporter-output>
  <suite name="Default suite" duration-ms="56302" started-at="2019-10-15T10:57:07Z" finished-at="2019-10-15T10:58:03Z">
    <groups>
    </groups>
    <test name="Default test" duration-ms="56302" started-at="2019-10-15T10:57:07Z" finished-at="2019-10-15T10:58:03Z">
      <class name="com.Konakart.KonakartAutomationTesting.testscripts.PriceSlideBarFunctionality">
        <test-method status="PASS" signature="startReport()[pri:0, instance:com.Konakart.KonakartAutomationTesting.testscripts.PriceSlideBarFunctionality@42e26948]" name="startReport" is-config="true" duration-ms="268" started-at="2019-10-15T10:57:06Z" finished-at="2019-10-15T10:57:07Z">
          <reporter-output>
          </reporter-output>
        </test-method> <!-- startReport -->
        <test-method status="PASS" signature="intitailizeBrowser()[pri:0, instance:com.Konakart.KonakartAutomationTesting.testscripts.PriceSlideBarFunctionality@42e26948]" name="intitailizeBrowser" is-config="true" duration-ms="20450" started-at="2019-10-15T10:57:07Z" finished-at="2019-10-15T10:57:27Z">
          <reporter-output>
          </reporter-output>
        </test-method> <!-- intitailizeBrowser -->
        <test-method status="PASS" signature="priceSlideBar(java.lang.String)[pri:9, instance:com.Konakart.KonakartAutomationTesting.testscripts.PriceSlideBarFunctionality@42e26948]" name="priceSlideBar" duration-ms="13120" started-at="2019-10-15T10:57:28Z" data-provider="priceslidebar" finished-at="2019-10-15T10:57:41Z">
          <params>
            <param index="0">
              <value>
                <![CDATA[25]]>
              </value>
            </param>
          </params>
          <reporter-output>
          </reporter-output>
        </test-method> <!-- priceSlideBar -->
        <test-method status="PASS" signature="tearDown(org.testng.ITestResult)[pri:0, instance:com.Konakart.KonakartAutomationTesting.testscripts.PriceSlideBarFunctionality@42e26948]" name="tearDown" is-config="true" duration-ms="5" started-at="2019-10-15T10:57:41Z" finished-at="2019-10-15T10:57:41Z">
          <params>
            <param index="0">
              <value>
                <![CDATA[[TestResult name=priceSlideBar status=SUCCESS method=PriceSlideBarFunctionality.priceSlideBar(java.lang.String)[pri:9, instance:com.Konakart.KonakartAutomationTesting.testscripts.PriceSlideBarFunctionality@42e26948] output={null}]]]>
              </value>
            </param>
          </params>
          <reporter-output>
          </reporter-output>
        </test-method> <!-- tearDown -->
        <test-method status="PASS" signature="priceSlideBar(java.lang.String)[pri:9, instance:com.Konakart.KonakartAutomationTesting.testscripts.PriceSlideBarFunctionality@42e26948]" name="priceSlideBar" duration-ms="7828" started-at="2019-10-15T10:57:41Z" data-provider="priceslidebar" finished-at="2019-10-15T10:57:49Z">
          <params>
            <param index="0">
              <value>
                <![CDATA[50]]>
              </value>
            </param>
          </params>
          <reporter-output>
          </reporter-output>
        </test-method> <!-- priceSlideBar -->
        <test-method status="PASS" signature="tearDown(org.testng.ITestResult)[pri:0, instance:com.Konakart.KonakartAutomationTesting.testscripts.PriceSlideBarFunctionality@42e26948]" name="tearDown" is-config="true" duration-ms="1" started-at="2019-10-15T10:57:49Z" finished-at="2019-10-15T10:57:49Z">
          <params>
            <param index="0">
              <value>
                <![CDATA[[TestResult name=priceSlideBar status=SUCCESS method=PriceSlideBarFunctionality.priceSlideBar(java.lang.String)[pri:9, instance:com.Konakart.KonakartAutomationTesting.testscripts.PriceSlideBarFunctionality@42e26948] output={null}]]]>
              </value>
            </param>
          </params>
          <reporter-output>
          </reporter-output>
        </test-method> <!-- tearDown -->
        <test-method status="PASS" signature="priceSlideBar(java.lang.String)[pri:9, instance:com.Konakart.KonakartAutomationTesting.testscripts.PriceSlideBarFunctionality@42e26948]" name="priceSlideBar" duration-ms="6809" started-at="2019-10-15T10:57:49Z" data-provider="priceslidebar" finished-at="2019-10-15T10:57:56Z">
          <params>
            <param index="0">
              <value>
                <![CDATA[75]]>
              </value>
            </param>
          </params>
          <reporter-output>
          </reporter-output>
        </test-method> <!-- priceSlideBar -->
        <test-method status="PASS" signature="tearDown(org.testng.ITestResult)[pri:0, instance:com.Konakart.KonakartAutomationTesting.testscripts.PriceSlideBarFunctionality@42e26948]" name="tearDown" is-config="true" duration-ms="0" started-at="2019-10-15T10:57:56Z" finished-at="2019-10-15T10:57:56Z">
          <params>
            <param index="0">
              <value>
                <![CDATA[[TestResult name=priceSlideBar status=SUCCESS method=PriceSlideBarFunctionality.priceSlideBar(java.lang.String)[pri:9, instance:com.Konakart.KonakartAutomationTesting.testscripts.PriceSlideBarFunctionality@42e26948] output={null}]]]>
              </value>
            </param>
          </params>
          <reporter-output>
          </reporter-output>
        </test-method> <!-- tearDown -->
        <test-method status="PASS" signature="priceSlideBar(java.lang.String)[pri:9, instance:com.Konakart.KonakartAutomationTesting.testscripts.PriceSlideBarFunctionality@42e26948]" name="priceSlideBar" duration-ms="6916" started-at="2019-10-15T10:57:56Z" data-provider="priceslidebar" finished-at="2019-10-15T10:58:03Z">
          <params>
            <param index="0">
              <value>
                <![CDATA[100]]>
              </value>
            </param>
          </params>
          <reporter-output>
          </reporter-output>
        </test-method> <!-- priceSlideBar -->
        <test-method status="PASS" signature="tearDown(org.testng.ITestResult)[pri:0, instance:com.Konakart.KonakartAutomationTesting.testscripts.PriceSlideBarFunctionality@42e26948]" name="tearDown" is-config="true" duration-ms="1" started-at="2019-10-15T10:58:03Z" finished-at="2019-10-15T10:58:03Z">
          <params>
            <param index="0">
              <value>
                <![CDATA[[TestResult name=priceSlideBar status=SUCCESS method=PriceSlideBarFunctionality.priceSlideBar(java.lang.String)[pri:9, instance:com.Konakart.KonakartAutomationTesting.testscripts.PriceSlideBarFunctionality@42e26948] output={null}]]]>
              </value>
            </param>
          </params>
          <reporter-output>
          </reporter-output>
        </test-method> <!-- tearDown -->
        <test-method status="PASS" signature="endReport()[pri:0, instance:com.Konakart.KonakartAutomationTesting.testscripts.PriceSlideBarFunctionality@42e26948]" name="endReport" is-config="true" duration-ms="401" started-at="2019-10-15T10:58:03Z" finished-at="2019-10-15T10:58:03Z">
          <reporter-output>
          </reporter-output>
        </test-method> <!-- endReport -->
      </class> <!-- com.Konakart.KonakartAutomationTesting.testscripts.PriceSlideBarFunctionality -->
    </test> <!-- Default test -->
  </suite> <!-- Default suite -->
</testng-results>
