<?xml version="1.0" encoding="UTF-8"?>
<!-- Generated by org.testng.reporters.JUnitXMLReporter -->
<testsuite hostname="ATMECSINLT-087" ignored="0" name="ComuterPeripheralsFunctionality" tests="3" failures="0" timestamp="15 Oct 2019 07:27:38 GMT" time="162.125" errors="0">
  <testcase name="searchBoxWithoutSearchOption" time="75.432" classname="com.Konakart.KonakartAutomationTesting.testscripts.ComuterPeripheralsFunctionality"/>
  <testcase name="searchBoxWithSearchOption" time="80.379" classname="com.Konakart.KonakartAutomationTesting.testscripts.ComuterPeripheralsFunctionality"/>
  <testcase name="productDetailsVerify" time="1.215" classname="com.Konakart.KonakartAutomationTesting.testscripts.ComuterPeripheralsFunctionality"/>
</testsuite> <!-- ComuterPeripheralsFunctionality -->
