<?xml version="1.0" encoding="UTF-8"?>
<!-- Generated by org.testng.reporters.JUnitXMLReporter -->
<testsuite hostname="ATMECSINLT-087" ignored="0" name="PriceSlideBarFunctionality" tests="4" failures="0" timestamp="15 Oct 2019 07:28:31 GMT" time="52.959" errors="0">
  <testcase name="priceSlideBar" time="11.977" classname="com.Konakart.KonakartAutomationTesting.testscripts.PriceSlideBarFunctionality"/>
  <testcase name="priceSlideBar" time="11.549" classname="com.Konakart.KonakartAutomationTesting.testscripts.PriceSlideBarFunctionality"/>
  <testcase name="priceSlideBar" time="13.009" classname="com.Konakart.KonakartAutomationTesting.testscripts.PriceSlideBarFunctionality"/>
  <testcase name="priceSlideBar" time="11.469" classname="com.Konakart.KonakartAutomationTesting.testscripts.PriceSlideBarFunctionality"/>
</testsuite> <!-- PriceSlideBarFunctionality -->
