<?xml version="1.0" encoding="UTF-8"?>
<!-- Generated by org.testng.reporters.JUnitXMLReporter -->
<testsuite hostname="ATMECSINLT-087" ignored="0" name="ComuterPeripheralsFunctionality" tests="3" failures="0" timestamp="15 Oct 2019 09:06:27 GMT" time="32.404" errors="0">
  <testcase name="searchBoxWithoutSearchOption" time="2.475" classname="com.Konakart.KonakartAutomationTesting.testscripts.ComuterPeripheralsFunctionality"/>
  <testcase name="searchBoxWithSearchOption" time="9.071" classname="com.Konakart.KonakartAutomationTesting.testscripts.ComuterPeripheralsFunctionality"/>
  <testcase name="productDetailsVerify" time="0.372" classname="com.Konakart.KonakartAutomationTesting.testscripts.ComuterPeripheralsFunctionality"/>
</testsuite> <!-- ComuterPeripheralsFunctionality -->
