<?xml version="1.0" encoding="UTF-8"?>
<!-- Generated by org.testng.reporters.JUnitXMLReporter -->
<testsuite hostname="ATMECSINLT-087" ignored="6" name="Test" tests="2" failures="0" timestamp="15 Oct 2019 06:37:24 GMT" time="44.686" errors="0">
  <testcase name="searchBox" time="5.618" classname="com.Konakart.KonakartAutomationTesting.testscripts.HomePageSearchBoxFunctionality"/>
  <testcase name="heroImageSelect" time="5.161" classname="com.Konakart.KonakartAutomationTesting.testscripts.HeroImageFunctionality"/>
  <testcase name="@AfterSuite endReport" time="0.0" classname="com.Konakart.KonakartAutomationTesting.extentreports.ExtentReport">
    <ignored/>
  </testcase> <!-- @AfterSuite endReport -->
  <testcase name="@AfterSuite endReport" time="0.0" classname="com.Konakart.KonakartAutomationTesting.extentreports.ExtentReport">
    <ignored/>
  </testcase> <!-- @AfterSuite endReport -->
  <testcase name="@AfterSuite endReport" time="0.0" classname="com.Konakart.KonakartAutomationTesting.extentreports.ExtentReport">
    <ignored/>
  </testcase> <!-- @AfterSuite endReport -->
  <testcase name="@BeforeSuite startReport" time="0.0" classname="com.Konakart.KonakartAutomationTesting.extentreports.ExtentReport">
    <ignored/>
  </testcase> <!-- @BeforeSuite startReport -->
  <testcase name="@BeforeSuite startReport" time="0.0" classname="com.Konakart.KonakartAutomationTesting.extentreports.ExtentReport">
    <ignored/>
  </testcase> <!-- @BeforeSuite startReport -->
  <testcase name="@BeforeSuite startReport" time="0.0" classname="com.Konakart.KonakartAutomationTesting.extentreports.ExtentReport">
    <ignored/>
  </testcase> <!-- @BeforeSuite startReport -->
</testsuite> <!-- Test -->
